# JRE version: OpenJDK Runtime Environment (11.0.12+7) (build 11.0.12+7-b1504.28-7817840)
# Java VM: OpenJDK 64-Bit Server VM (11.0.12+7-b1504.28-7817840, mixed mode, tiered, compressed oops, g1 gc, windows-amd64)
Heap:
 garbage-first heap   total 931840K, used 140270K [0x0000000080000000, 0x0000000100000000)
  region size 1024K, 2 young (2048K), 2 survivors (2048K)
 Metaspace       used 130341K, capacity 134339K, committed 135804K, reserved 1167360K
  class space    used 16738K, capacity 18271K, committed 18688K, reserved 1048576K
GC Heap History (20 events):
Event: 4619.014 GC heap after
{Heap after GC invocations=125 (full 0):
 garbage-first heap   total 291840K, used 121771K [0x0000000080000000, 0x0000000100000000)
  region size 1024K, 1 young (1024K), 1 survivors (1024K)
 Metaspace       used 124810K, capacity 128736K, committed 130556K, reserved 1161216K
  class space    used 16117K, capacity 17590K, committed 18048K, reserved 1048576K
}
Event: 4619.116 GC heap before
{Heap before GC invocations=125 (full 0):
 garbage-first heap   total 291840K, used 135083K [0x0000000080000000, 0x0000000100000000)
  region size 1024K, 14 young (14336K), 1 survivors (1024K)
 Metaspace       used 124823K, capacity 128802K, committed 130556K, reserved 1161216K
  class space    used 16118K, capacity 17592K, committed 18048K, reserved 1048576K
}
Event: 4619.120 GC heap after
{Heap after GC invocations=126 (full 0):
 garbage-first heap   total 291840K, used 121870K [0x0000000080000000, 0x0000000100000000)
  region size 1024K, 2 young (2048K), 2 survivors (2048K)
 Metaspace       used 124823K, capacity 128802K, committed 130556K, reserved 1161216K
  class space    used 16118K, capacity 17592K, committed 18048K, reserved 1048576K
}
Event: 4619.556 GC heap before
{Heap before GC invocations=127 (full 0):
 garbage-first heap   total 291840K, used 137230K [0x0000000080000000, 0x0000000100000000)
  region size 1024K, 17 young (17408K), 2 survivors (2048K)
 Metaspace       used 124860K, capacity 128834K, committed 130684K, reserved 1161216K
  class space    used 16124K, capacity 17624K, committed 18176K, reserved 1048576K
}
Event: 4619.656 GC heap after
{Heap after GC invocations=128 (full 0):
 garbage-first heap   total 291840K, used 123048K [0x0000000080000000, 0x0000000100000000)
  region size 1024K, 3 young (3072K), 3 survivors (3072K)
 Metaspace       used 124860K, capacity 128834K, committed 130684K, reserved 1161216K
  class space    used 16124K, capacity 17624K, committed 18176K, reserved 1048576K
}
Event: 4620.989 GC heap before
{Heap before GC invocations=128 (full 0):
 garbage-first heap   total 291840K, used 136360K [0x0000000080000000, 0x0000000100000000)
  region size 1024K, 14 young (14336K), 3 survivors (3072K)
 Metaspace       used 125649K, capacity 129593K, committed 131452K, reserved 1163264K
  class space    used 16223K, capacity 17727K, committed 18176K, reserved 1048576K
}
Event: 4621.675 GC heap after
{Heap after GC invocations=129 (full 0):
 garbage-first heap   total 398336K, used 125721K [0x0000000080000000, 0x0000000100000000)
  region size 1024K, 2 young (2048K), 2 survivors (2048K)
 Metaspace       used 125649K, capacity 129593K, committed 131452K, reserved 1163264K
  class space    used 16223K, capacity 17727K, committed 18176K, reserved 1048576K
}
Event: 4621.678 GC heap before
{Heap before GC invocations=129 (full 0):
 garbage-first heap   total 398336K, used 125721K [0x0000000080000000, 0x0000000100000000)
  region size 1024K, 3 young (3072K), 2 survivors (2048K)
 Metaspace       used 125649K, capacity 129593K, committed 131452K, reserved 1163264K
  class space    used 16223K, capacity 17727K, committed 18176K, reserved 1048576K
}
Event: 4621.705 GC heap after
{Heap after GC invocations=130 (full 0):
 garbage-first heap   total 398336K, used 125727K [0x0000000080000000, 0x0000000100000000)
  region size 1024K, 2 young (2048K), 2 survivors (2048K)
 Metaspace       used 125649K, capacity 129593K, committed 131452K, reserved 1163264K
  class space    used 16223K, capacity 17727K, committed 18176K, reserved 1048576K
}
Event: 4622.256 GC heap before
{Heap before GC invocations=131 (full 0):
 garbage-first heap   total 398336K, used 129823K [0x0000000080000000, 0x0000000100000000)
  region size 1024K, 3 young (3072K), 2 survivors (2048K)
 Metaspace       used 125606K, capacity 129461K, committed 131452K, reserved 1163264K
  class space    used 16208K, capacity 17683K, committed 18176K, reserved 1048576K
}
Event: 4622.266 GC heap after
{Heap after GC invocations=132 (full 0):
 garbage-first heap   total 398336K, used 130611K [0x0000000080000000, 0x0000000100000000)
  region size 1024K, 3 young (3072K), 3 survivors (3072K)
 Metaspace       used 125606K, capacity 129461K, committed 131452K, reserved 1163264K
  class space    used 16208K, capacity 17683K, committed 18176K, reserved 1048576K
}
Event: 4625.755 GC heap before
{Heap before GC invocations=133 (full 0):
 garbage-first heap   total 398336K, used 151091K [0x0000000080000000, 0x0000000100000000)
  region size 1024K, 19 young (19456K), 3 survivors (3072K)
 Metaspace       used 126236K, capacity 130035K, committed 131708K, reserved 1163264K
  class space    used 16301K, capacity 17739K, committed 18176K, reserved 1048576K
}
Event: 4625.950 GC heap after
{Heap after GC invocations=134 (full 0):
 garbage-first heap   total 398336K, used 137615K [0x0000000080000000, 0x0000000100000000)
  region size 1024K, 3 young (3072K), 3 survivors (3072K)
 Metaspace       used 126236K, capacity 130035K, committed 131708K, reserved 1163264K
  class space    used 16301K, capacity 17739K, committed 18176K, reserved 1048576K
}
Event: 4626.904 GC heap before
{Heap before GC invocations=134 (full 0):
 garbage-first heap   total 398336K, used 153999K [0x0000000080000000, 0x0000000100000000)
  region size 1024K, 19 young (19456K), 3 survivors (3072K)
 Metaspace       used 126638K, capacity 130516K, committed 131964K, reserved 1163264K
  class space    used 16359K, capacity 17814K, committed 18176K, reserved 1048576K
}
Event: 4626.972 GC heap after
{Heap after GC invocations=135 (full 0):
 garbage-first heap   total 398336K, used 139268K [0x0000000080000000, 0x0000000100000000)
  region size 1024K, 2 young (2048K), 2 survivors (2048K)
 Metaspace       used 126638K, capacity 130516K, committed 131964K, reserved 1163264K
  class space    used 16359K, capacity 17814K, committed 18176K, reserved 1048576K
}
Event: 4627.812 GC heap before
{Heap before GC invocations=136 (full 0):
 garbage-first heap   total 398336K, used 156676K [0x0000000080000000, 0x0000000100000000)
  region size 1024K, 19 young (19456K), 2 survivors (2048K)
 Metaspace       used 127816K, capacity 131803K, committed 133244K, reserved 1165312K
  class space    used 16511K, capacity 18045K, committed 18432K, reserved 1048576K
}
Event: 4627.823 GC heap after
{Heap after GC invocations=137 (full 0):
 garbage-first heap   total 398336K, used 139790K [0x0000000080000000, 0x0000000100000000)
  region size 1024K, 2 young (2048K), 2 survivors (2048K)
 Metaspace       used 127816K, capacity 131803K, committed 133244K, reserved 1165312K
  class space    used 16511K, capacity 18045K, committed 18432K, reserved 1048576K
}
Event: 4628.027 GC heap before
{Heap before GC invocations=137 (full 0):
 garbage-first heap   total 398336K, used 140814K [0x0000000080000000, 0x0000000100000000)
  region size 1024K, 5 young (5120K), 2 survivors (2048K)
 Metaspace       used 128175K, capacity 132123K, committed 133500K, reserved 1165312K
  class space    used 16538K, capacity 18045K, committed 18432K, reserved 1048576K
}
Event: 4628.067 GC heap after
{Heap after GC invocations=138 (full 0):
 garbage-first heap   total 398336K, used 140380K [0x0000000080000000, 0x0000000100000000)
  region size 1024K, 2 young (2048K), 2 survivors (2048K)
 Metaspace       used 128175K, capacity 132123K, committed 133500K, reserved 1165312K
  class space    used 16538K, capacity 18045K, committed 18432K, reserved 1048576K
}
Event: 4630.528 GC heap before
{Heap before GC invocations=139 (full 0):
 garbage-first heap   total 398336K, used 158812K [0x0000000080000000, 0x0000000100000000)
  region size 1024K, 19 young (19456K), 2 survivors (2048K)
 Metaspace       used 130341K, capacity 134339K, committed 135804K, reserved 1167360K
  class space    used 16738K, capacity 18271K, committed 18688K, reserved 1048576K
}

